#
# There is insufficient memory for the Java Runtime Environment to continue.
# Native memory allocation (malloc) failed to allocate 65552 bytes for Chunk::new
# Possible reasons:
#   The system is out of physical RAM or swap space
#   The process is running with CompressedOops enabled, and the Java Heap may be blocking the growth of the native heap
# Possible solutions:
#   Reduce memory load on the system
#   Increase physical memory or swap space
#   Check if swap backing store is full
#   Decrease Java heap size (-Xmx/-Xms)
#   Decrease number of Java threads
#   Decrease Java thread stack sizes (-Xss)
#   Set larger code cache with -XX:ReservedCodeCacheSize=
#   JVM is running with Unscaled Compressed Oops mode in which the Java heap is
#     placed in the first 4GB address space. The Java Heap base address is the
#     maximum limit for the native heap growth. Please use -XX:HeapBaseMinAddress
#     to set the Java Heap base and to place the Java Heap above 4GB virtual address.
# This output file may be truncated or incomplete.
#
#  Out of Memory Error (t:/workspace/open/src/hotspot/share/memory/arena.cpp:197), pid=11740, tid=8396
#
# JRE version: OpenJDK Runtime Environment (11.0+28) (build 11+28)
# Java VM: OpenJDK 64-Bit Server VM (11+28, mixed mode, tiered, compressed oops, parallel gc, windows-amd64)
# No core dump will be written. Minidumps are not enabled by default on client versions of Windows
#

---------------  S U M M A R Y ------------

Command Line: --add-modules=ALL-SYSTEM --add-opens=java.base/java.util=ALL-UNNAMED --add-opens=java.base/java.lang=ALL-UNNAMED -Declipse.application=org.eclipse.jdt.ls.core.id1 -Dosgi.bundles.defaultStartLevel=4 -Declipse.product=org.eclipse.jdt.ls.core.product -Dfile.encoding=utf8 -DwatchParentProcess=false -XX:+UseParallelGC -XX:GCTimeRatio=4 -XX:AdaptiveSizePolicyWeight=90 -Dsun.zip.disableMemoryMapping=true -Xmx1G -Xms100m -javaagent:c:\Users\Defensoria\.vscode\extensions\gabrielbb.vscode-lombok-1.0.1\server\lombok.jar -Xverify:none c:\Users\Defensoria\.vscode\extensions\redhat.java-0.79.2\server\plugins\org.eclipse.equinox.launcher_1.6.100.v20201223-0822.jar -configuration c:\Users\Defensoria\AppData\Roaming\Code\User\globalStorage\redhat.java\0.79.2\config_ss_win -data c:\Users\Defensoria\AppData\Roaming\Code\User\workspaceStorage\fec2c2d49d06486f9cc898acbe684a54\redhat.java\ss_ws

Host: Intel(R) Core(TM) i5-7200U CPU @ 2.50GHz, 4 cores, 3G,  Windows 10 , 64 bit Build 19041 (10.0.19041.928)
Time: Thu May 27 20:48:37 2021 Hora oficial do Brasil elapsed time: 40 seconds (0d 0h 0m 40s)

---------------  T H R E A D  ---------------

Current thread (0x00000197e790f800):  JavaThread "C2 CompilerThread0" daemon [_thread_in_native, id=8396, stack(0x00000019c3800000,0x00000019c3900000)]


Current CompileTask:
C2:  40410  950 %     4       sun.security.provider.SHA::implCompress0 @ 3 (482 bytes)

Stack: [0x00000019c3800000,0x00000019c3900000]
Native frames: (J=compiled Java code, j=interpreted, Vv=VM code, C=native code)
V  [jvm.dll+0x63adaa]
V  [jvm.dll+0x77852f]
V  [jvm.dll+0x779b18]
V  [jvm.dll+0x77a1d3]
V  [jvm.dll+0x2624c8]
V  [jvm.dll+0xc5b61]
V  [jvm.dll+0xc60fc]
V  [jvm.dll+0xc5c50]
V  [jvm.dll+0x66857f]
V  [jvm.dll+0x55300b]
V  [jvm.dll+0x21e4af]
V  [jvm.dll+0x21b3e6]
V  [jvm.dll+0x198400]
V  [jvm.dll+0x22a4ff]
V  [jvm.dll+0x228b18]
V  [jvm.dll+0x73dc3d]
V  [jvm.dll+0x639e42]
C  [ucrtbase.dll+0x21bb2]
C  [KERNEL32.DLL+0x17034]
C  [ntdll.dll+0x52651]


---------------  P R O C E S S  ---------------

Threads class SMR info:
_java_thread_list=0x00000197e912fac0, length=10, elements={
0x00000197cd4fe800, 0x00000197e78ee800, 0x00000197e78f0800, 0x00000197e8ac2800,
0x00000197e8ac3800, 0x00000197e790f800, 0x00000197e7912800, 0x00000197e795e000,
0x00000197e8bda000, 0x00000197e8d47000
}

Java Threads: ( => current thread )
  0x00000197cd4fe800 JavaThread "main" [_thread_in_native, id=15476, stack(0x00000019c3100000,0x00000019c3200000)]
  0x00000197e78ee800 JavaThread "Reference Handler" daemon [_thread_blocked, id=7292, stack(0x00000019c3400000,0x00000019c3500000)]
  0x00000197e78f0800 JavaThread "Finalizer" daemon [_thread_blocked, id=14504, stack(0x00000019c3500000,0x00000019c3600000)]
  0x00000197e8ac2800 JavaThread "Signal Dispatcher" daemon [_thread_blocked, id=10824, stack(0x00000019c3600000,0x00000019c3700000)]
  0x00000197e8ac3800 JavaThread "Attach Listener" daemon [_thread_blocked, id=16204, stack(0x00000019c3700000,0x00000019c3800000)]
=>0x00000197e790f800 JavaThread "C2 CompilerThread0" daemon [_thread_in_native, id=8396, stack(0x00000019c3800000,0x00000019c3900000)]
  0x00000197e7912800 JavaThread "C1 CompilerThread0" daemon [_thread_blocked, id=16304, stack(0x00000019c3900000,0x00000019c3a00000)]
  0x00000197e795e000 JavaThread "Sweeper thread" daemon [_thread_blocked, id=15764, stack(0x00000019c3a00000,0x00000019c3b00000)]
  0x00000197e8bda000 JavaThread "Common-Cleaner" daemon [_thread_blocked, id=1144, stack(0x00000019c3b00000,0x00000019c3c00000)]
  0x00000197e8d47000 JavaThread "Service Thread" daemon [_thread_blocked, id=1280, stack(0x00000019c3c00000,0x00000019c3d00000)]

Other Threads:
  0x00000197e78e9800 VMThread "VM Thread" [stack: 0x00000019c3300000,0x00000019c3400000] [id=2488]
  0x00000197e8d4c800 WatcherThread [stack: 0x00000019c3d00000,0x00000019c3e00000] [id=11760]
  0x00000197cd511000 GCTaskThread "ParGC Thread#0" [stack: 0x00000019c3200000,0x00000019c3300000] [id=2088]
  0x00000197e8f44000 GCTaskThread "ParGC Thread#1" [stack: 0x00000019c3e00000,0x00000019c3f00000] [id=5844]

Threads with active compile tasks:
C2 CompilerThread0 950 %     4       sun.security.provider.SHA::implCompress0 @ 3 (482 bytes)

VM state:not at safepoint (normal execution)

VM Mutex/Monitor currently owned by a thread: None

Heap address: 0x00000000c0000000, size: 1024 MB, Compressed Oops mode: 32-bit
Narrow klass base: 0x0000000000000000, Narrow klass shift: 3
Compressed class space size: 1073741824 Address: 0x0000000100000000

Heap:
 PSYoungGen      total 29696K, used 9144K [0x00000000eab00000, 0x00000000ecc00000, 0x0000000100000000)
  eden space 25600K, 24% used [0x00000000eab00000,0x00000000eb124370,0x00000000ec400000)
  from space 4096K, 69% used [0x00000000ec400000,0x00000000ec6ca020,0x00000000ec800000)
  to   space 4096K, 0% used [0x00000000ec800000,0x00000000ec800000,0x00000000ecc00000)
 ParOldGen       total 68608K, used 0K [0x00000000c0000000, 0x00000000c4300000, 0x00000000eab00000)
  object space 68608K, 0% used [0x00000000c0000000,0x00000000c0000000,0x00000000c4300000)
 Metaspace       used 11115K, capacity 11424K, committed 11648K, reserved 1060864K
  class space    used 1021K, capacity 1113K, committed 1152K, reserved 1048576K

Card table byte_map: [0x00000197e49f0000,0x00000197e4c00000] _byte_map_base: 0x00000197e43f0000

Marking Bits: (ParMarkBitMap*) 0x00007fffe5f358f0
 Begin Bits: [0x00000197e4d60000, 0x00000197e5d60000)
 End Bits:   [0x00000197e5d60000, 0x00000197e6d60000)

Polling page: 0x00000197cbbb0000

Metaspace:

Usage:
  Non-class:     10.07 MB capacity,     9.86 MB ( 98%) used,   204.02 KB (  2%) free+waste,    12.94 KB ( <1%) overhead. 
      Class:      1.09 MB capacity,  1021.45 KB ( 92%) used,    85.68 KB (  8%) free+waste,     5.88 KB ( <1%) overhead. 
       Both:     11.16 MB capacity,    10.85 MB ( 97%) used,   289.70 KB (  3%) free+waste,    18.81 KB ( <1%) overhead. 

Virtual space:
  Non-class space:       12.00 MB reserved,      10.25 MB ( 85%) committed 
      Class space:        1.00 GB reserved,       1.13 MB ( <1%) committed 
             Both:        1.01 GB reserved,      11.38 MB (  1%) committed 

Chunk freelists:
   Non-Class:  7.13 KB
       Class:  896 bytes
        Both:  8.00 KB

CodeHeap 'non-profiled nmethods': size=120064Kb used=390Kb max_used=390Kb free=119673Kb
 bounds [0x00000197dd2d0000, 0x00000197dd540000, 0x00000197e4810000]
CodeHeap 'profiled nmethods': size=120000Kb used=1506Kb max_used=1506Kb free=118493Kb
 bounds [0x00000197d5da0000, 0x00000197d6010000, 0x00000197dd2d0000]
CodeHeap 'non-nmethods': size=5696Kb used=1075Kb max_used=1093Kb free=4620Kb
 bounds [0x00000197d5810000, 0x00000197d5a80000, 0x00000197d5da0000]
 total_blobs=1577 nmethods=949 adapters=282
 compilation: enabled
              stopped_count=0, restarted_count=0
 full_count=0

Compilation events (10 events):
Event: 36.068 Thread 0x00000197e7912800 nmethod 945 0x00000197d5f15890 code [0x00000197d5f15a80, 0x00000197d5f15f58]
Event: 36.068 Thread 0x00000197e7912800  946       3       java.nio.file.Files$AcceptAllFilter::accept (9 bytes)
Event: 36.068 Thread 0x00000197e7912800 nmethod 946 0x00000197d5f16190 code [0x00000197d5f16360, 0x00000197d5f16638]
Event: 36.068 Thread 0x00000197e7912800  947       3       sun.nio.fs.WindowsDirectoryStream$WindowsDirectoryIterator::next (5 bytes)
Event: 36.069 Thread 0x00000197e7912800 nmethod 947 0x00000197d5f16710 code [0x00000197d5f168c0, 0x00000197d5f16a70]
Event: 38.349 Thread 0x00000197e7912800  948       3       sun.nio.fs.WindowsFileAttributes::fromFindData (127 bytes)
Event: 38.349 Thread 0x00000197e7912800 nmethod 948 0x00000197d5f16b10 code [0x00000197d5f16d20, 0x00000197d5f173d0]
Event: 38.349 Thread 0x00000197e7912800  949   !   3       sun.nio.fs.WindowsDirectoryStream$WindowsDirectoryIterator::acceptEntry (71 bytes)
Event: 38.351 Thread 0x00000197e7912800 nmethod 949 0x00000197d5f17710 code [0x00000197d5f179a0, 0x00000197d5f183d0]
Event: 40.360 Thread 0x00000197e790f800  950 %     4       sun.security.provider.SHA::implCompress0 @ 3 (482 bytes)

GC Heap History (2 events):
Event: 9.319 GC heap before
{Heap before GC invocations=1 (full 0):
 PSYoungGen      total 29696K, used 25600K [0x00000000eab00000, 0x00000000ecc00000, 0x0000000100000000)
  eden space 25600K, 100% used [0x00000000eab00000,0x00000000ec400000,0x00000000ec400000)
  from space 4096K, 0% used [0x00000000ec800000,0x00000000ec800000,0x00000000ecc00000)
  to   space 4096K, 0% used [0x00000000ec400000,0x00000000ec400000,0x00000000ec800000)
 ParOldGen       total 68608K, used 0K [0x00000000c0000000, 0x00000000c4300000, 0x00000000eab00000)
  object space 68608K, 0% used [0x00000000c0000000,0x00000000c0000000,0x00000000c4300000)
 Metaspace       used 9998K, capacity 10244K, committed 10496K, reserved 1058816K
  class space    used 902K, capacity 997K, committed 1024K, reserved 1048576K
}
Event: 9.625 GC heap after
{Heap after GC invocations=1 (full 0):
 PSYoungGen      total 29696K, used 2856K [0x00000000eab00000, 0x00000000ecc00000, 0x0000000100000000)
  eden space 25600K, 0% used [0x00000000eab00000,0x00000000eab00000,0x00000000ec400000)
  from space 4096K, 69% used [0x00000000ec400000,0x00000000ec6ca020,0x00000000ec800000)
  to   space 4096K, 0% used [0x00000000ec800000,0x00000000ec800000,0x00000000ecc00000)
 ParOldGen       total 68608K, used 0K [0x00000000c0000000, 0x00000000c4300000, 0x00000000eab00000)
  object space 68608K, 0% used [0x00000000c0000000,0x00000000c0000000,0x00000000c4300000)
 Metaspace       used 9998K, capacity 10244K, committed 10496K, reserved 1058816K
  class space    used 902K, capacity 997K, committed 1024K, reserved 1048576K
}

Deoptimization events (10 events):
Event: 9.141 Thread 0x00000197cd4fe800 Uncommon trap: reason=unstable_if action=reinterpret pc=0x00000197dd30f9e8 method=java.util.HashMap.putVal(ILjava/lang/Object;Ljava/lang/Object;ZZ)Ljava/lang/Object; @ 181 c2
Event: 9.142 Thread 0x00000197cd4fe800 Uncommon trap: reason=unstable_if action=reinterpret pc=0x00000197dd2dfbe0 method=java.util.HashMap.putVal(ILjava/lang/Object;Ljava/lang/Object;ZZ)Ljava/lang/Object; @ 181 c2
Event: 9.241 Thread 0x00000197cd4fe800 Uncommon trap: reason=class_check action=maybe_recompile pc=0x00000197dd2fa528 method=java.util.Collections$UnmodifiableCollection$1.<init>(Ljava/util/Collections$UnmodifiableCollection;)V @ 17 c2
Event: 9.773 Thread 0x00000197cd4fe800 Uncommon trap: reason=unstable_if action=reinterpret pc=0x00000197dd31f4bc method=java.lang.ref.SoftReference.get()Ljava/lang/Object; @ 17 c2
Event: 9.904 Thread 0x00000197cd4fe800 Uncommon trap: reason=class_check action=maybe_recompile pc=0x00000197dd2fa528 method=java.util.Collections$UnmodifiableCollection$1.<init>(Ljava/util/Collections$UnmodifiableCollection;)V @ 17 c2
Event: 9.904 Thread 0x00000197cd4fe800 Uncommon trap: reason=unstable_if action=reinterpret pc=0x00000197dd31cacc method=java.util.HashMap.hash(Ljava/lang/Object;)I @ 1 c2
Event: 9.908 Thread 0x00000197cd4fe800 Uncommon trap: reason=unstable_if action=reinterpret pc=0x00000197dd2f9e2c method=java.util.HashMap.hash(Ljava/lang/Object;)I @ 1 c2
Event: 9.910 Thread 0x00000197cd4fe800 Uncommon trap: reason=class_check action=maybe_recompile pc=0x00000197dd2fa528 method=java.util.Collections$UnmodifiableCollection$1.<init>(Ljava/util/Collections$UnmodifiableCollection;)V @ 17 c2
Event: 9.910 Thread 0x00000197cd4fe800 Uncommon trap: reason=class_check action=maybe_recompile pc=0x00000197dd2fa528 method=java.util.Collections$UnmodifiableCollection$1.<init>(Ljava/util/Collections$UnmodifiableCollection;)V @ 17 c2
Event: 10.701 Thread 0x00000197cd4fe800 Uncommon trap: reason=class_check action=maybe_recompile pc=0x00000197dd2f983c method=java.util.HashSet.iterator()Ljava/util/Iterator; @ 4 c2

Classes redefined (0 events):
No events

Internal exceptions (10 events):
Event: 9.184 Thread 0x00000197cd4fe800 Exception <a 'java/lang/ClassNotFoundException'{0x00000000ec3418c0}: sun/net/www/protocol/c/Handler> (0x00000000ec3418c0) thrown at [t:/workspace/open/src/hotspot/share/classfile/systemDictionary.cpp, line 231]
Event: 9.184 Thread 0x00000197cd4fe800 Exception <a 'java/lang/ClassNotFoundException'{0x00000000ec342c88}: sun/net/www/protocol/c/Handler> (0x00000000ec342c88) thrown at [t:/workspace/open/src/hotspot/share/classfile/systemDictionary.cpp, line 231]
Event: 9.241 Thread 0x00000197cd4fe800 Exception <a 'java/io/FileNotFoundException'{0x00000000ec361978}> (0x00000000ec361978) thrown at [t:/workspace/open/src/hotspot/share/prims/jni.cpp, line 615]
Event: 9.904 Thread 0x00000197cd4fe800 Implicit null exception at 0x00000197dd31c8f5 to 0x00000197dd31caba
Event: 9.908 Thread 0x00000197cd4fe800 Implicit null exception at 0x00000197dd2f9daf to 0x00000197dd2f9e1d
Event: 10.348 Thread 0x00000197cd4fe800 Exception <a 'java/lang/NoSuchMethodError'{0x00000000eae4dcf0}: java.lang.invoke.DirectMethodHandle$Holder.invokeStaticInit(Ljava/lang/Object;Ljava/lang/Object;Ljava/lang/Object;Ljava/lang/Object;)I> (0x00000000eae4dcf0) thrown at [t:/workspace/open/src/h
Event: 10.350 Thread 0x00000197cd4fe800 Exception <a 'java/lang/IncompatibleClassChangeError'{0x00000000eae57e28}: Found class java.lang.Object, but interface was expected> (0x00000000eae57e28) thrown at [t:/workspace/open/src/hotspot/share/interpreter/linkResolver.cpp, line 856]
Event: 10.351 Thread 0x00000197cd4fe800 Exception <a 'java/lang/NoSuchMethodError'{0x00000000eae5f628}: java.lang.invoke.DirectMethodHandle$Holder.invokeStaticInit(Ljava/lang/Object;Ljava/lang/Object;)V> (0x00000000eae5f628) thrown at [t:/workspace/open/src/hotspot/share/interpreter/linkResolve
Event: 10.353 Thread 0x00000197cd4fe800 Exception <a 'java/lang/NoSuchMethodError'{0x00000000eae69528}: java.lang.invoke.DirectMethodHandle$Holder.invokeStaticInit(Ljava/lang/Object;Ljava/lang/Object;)I> (0x00000000eae69528) thrown at [t:/workspace/open/src/hotspot/share/interpreter/linkResolve
Event: 10.802 Thread 0x00000197cd4fe800 Exception <a 'java/lang/NoSuchMethodError'{0x00000000eaf7f960}: java.lang.invoke.DirectMethodHandle$Holder.invokeStaticInit(Ljava/lang/Object;IIII)Ljava/lang/Object;> (0x00000000eaf7f960) thrown at [t:/workspace/open/src/hotspot/share/interpreter/linkReso

Events (10 events):
Event: 13.512 loading class java/nio/file/DirectoryStream done
Event: 13.512 loading class sun/nio/fs/WindowsDirectoryStream done
Event: 13.545 loading class sun/nio/fs/WindowsDirectoryStream$WindowsDirectoryIterator
Event: 13.545 loading class sun/nio/fs/WindowsDirectoryStream$WindowsDirectoryIterator done
Event: 14.320 loading class sun/nio/fs/WindowsPath$WindowsPathWithAttributes
Event: 14.321 loading class sun/nio/fs/BasicFileAttributesHolder
Event: 14.753 loading class sun/nio/fs/BasicFileAttributesHolder done
Event: 14.753 loading class sun/nio/fs/WindowsPath$WindowsPathWithAttributes done
Event: 14.753 Executing VM operation: Deoptimize
Event: 14.753 Executing VM operation: Deoptimize done


Dynamic libraries:
0x00007ff766410000 - 0x00007ff766455000 	C:\jdk-11\bin\java.exe
0x00007ff845fd0000 - 0x00007ff8461c5000 	C:\WINDOWS\SYSTEM32\ntdll.dll
0x00007ff8452e0000 - 0x00007ff84539d000 	C:\WINDOWS\System32\KERNEL32.DLL
0x00007ff843990000 - 0x00007ff843c58000 	C:\WINDOWS\System32\KERNELBASE.dll
0x00007ff844b90000 - 0x00007ff844d30000 	C:\WINDOWS\System32\USER32.dll
0x00007ff843fa0000 - 0x00007ff843fc2000 	C:\WINDOWS\System32\win32u.dll
0x00007ff845180000 - 0x00007ff8451aa000 	C:\WINDOWS\System32\GDI32.dll
0x00007ff843e90000 - 0x00007ff843f9b000 	C:\WINDOWS\System32\gdi32full.dll
0x00007ff843df0000 - 0x00007ff843e8d000 	C:\WINDOWS\System32\msvcp_win.dll
0x00007ff843840000 - 0x00007ff843940000 	C:\WINDOWS\System32\ucrtbase.dll
0x00007ff8281d0000 - 0x00007ff82846a000 	C:\WINDOWS\WinSxS\amd64_microsoft.windows.common-controls_6595b64144ccf1df_6.0.19041.844_none_ca00b6081b84eb1d\COMCTL32.dll
0x00007ff844030000 - 0x00007ff8440ce000 	C:\WINDOWS\System32\msvcrt.dll
0x00007ff8440d0000 - 0x00007ff844100000 	C:\WINDOWS\System32\IMM32.DLL
0x00007ff834630000 - 0x00007ff834646000 	C:\jdk-11\bin\vcruntime140.dll
0x00007fffe7a40000 - 0x00007fffe7aea000 	C:\jdk-11\bin\msvcp140.dll
0x00007fffe54b0000 - 0x00007fffe5ff1000 	C:\jdk-11\bin\server\jvm.dll
0x00007ff845000000 - 0x00007ff8450ac000 	C:\WINDOWS\System32\ADVAPI32.dll
0x00007ff844d90000 - 0x00007ff844e2b000 	C:\WINDOWS\System32\sechost.dll
0x00007ff8451b0000 - 0x00007ff8452db000 	C:\WINDOWS\System32\RPCRT4.dll
0x00007ff845d90000 - 0x00007ff845d98000 	C:\WINDOWS\System32\PSAPI.DLL
0x00007ff842310000 - 0x00007ff842319000 	C:\WINDOWS\SYSTEM32\WSOCK32.dll
0x00007ff845ca0000 - 0x00007ff845d0b000 	C:\WINDOWS\System32\WS2_32.dll
0x00007ff82f070000 - 0x00007ff82f097000 	C:\WINDOWS\SYSTEM32\WINMM.dll
0x00007ff835600000 - 0x00007ff83560a000 	C:\WINDOWS\SYSTEM32\VERSION.dll
0x00007ff8414a0000 - 0x00007ff8414b2000 	C:\WINDOWS\SYSTEM32\kernel.appcore.dll
0x00007ff8306a0000 - 0x00007ff8306b1000 	C:\jdk-11\bin\verify.dll
0x00007ff82f440000 - 0x00007ff82f624000 	C:\WINDOWS\SYSTEM32\DBGHELP.DLL
0x00007ff82ef50000 - 0x00007ff82ef7c000 	C:\WINDOWS\SYSTEM32\dbgcore.DLL
0x00007ff843710000 - 0x00007ff843790000 	C:\WINDOWS\System32\bcryptPrimitives.dll
0x00007ff80ece0000 - 0x00007ff80ed08000 	C:\jdk-11\bin\java.dll
0x00007ff833700000 - 0x00007ff83372f000 	C:\jdk-11\bin\instrument.dll
0x00007ff81c420000 - 0x00007ff81c436000 	C:\jdk-11\bin\zip.dll
0x00007ff834750000 - 0x00007ff83475a000 	C:\jdk-11\bin\jimage.dll
0x00007ff845550000 - 0x00007ff845c92000 	C:\WINDOWS\System32\SHELL32.dll
0x00007ff8416a0000 - 0x00007ff841e30000 	C:\WINDOWS\SYSTEM32\windows.storage.dll
0x00007ff844100000 - 0x00007ff844455000 	C:\WINDOWS\System32\combase.dll
0x00007ff842fe0000 - 0x00007ff84300c000 	C:\WINDOWS\SYSTEM32\Wldp.dll
0x00007ff8454a0000 - 0x00007ff84554e000 	C:\WINDOWS\System32\SHCORE.dll
0x00007ff844ad0000 - 0x00007ff844b25000 	C:\WINDOWS\System32\shlwapi.dll
0x00007ff843650000 - 0x00007ff84366f000 	C:\WINDOWS\SYSTEM32\profapi.dll
0x00007ff816190000 - 0x00007ff8161a9000 	C:\jdk-11\bin\net.dll
0x00007ff83c0c0000 - 0x00007ff83c1cb000 	C:\WINDOWS\SYSTEM32\WINHTTP.dll
0x00007ff842dc0000 - 0x00007ff842e2a000 	C:\WINDOWS\system32\mswsock.dll
0x00007ff801880000 - 0x00007ff801893000 	C:\jdk-11\bin\nio.dll
0x00007ff843020000 - 0x00007ff843038000 	C:\WINDOWS\SYSTEM32\CRYPTSP.dll
0x00007ff842780000 - 0x00007ff8427b4000 	C:\WINDOWS\system32\rsaenh.dll
0x00007ff843dc0000 - 0x00007ff843de7000 	C:\WINDOWS\System32\bcrypt.dll
0x00007ff8435d0000 - 0x00007ff8435fe000 	C:\WINDOWS\SYSTEM32\USERENV.dll
0x00007ff842f40000 - 0x00007ff842f4c000 	C:\WINDOWS\SYSTEM32\CRYPTBASE.dll
0x00007ff842ad0000 - 0x00007ff842b0b000 	C:\WINDOWS\SYSTEM32\IPHLPAPI.DLL
0x00007ff845da0000 - 0x00007ff845da8000 	C:\WINDOWS\System32\NSI.dll
0x00007ff838500000 - 0x00007ff838517000 	C:\WINDOWS\SYSTEM32\dhcpcsvc6.DLL
0x00007ff8384e0000 - 0x00007ff8384fd000 	C:\WINDOWS\SYSTEM32\dhcpcsvc.DLL
0x00007ff842b10000 - 0x00007ff842bdc000 	C:\WINDOWS\SYSTEM32\DNSAPI.dll

dbghelp: loaded successfully - version: 4.0.5 - missing functions: none
symbol engine: initialized successfully - sym options: 0x614 - pdb path: .;C:\jdk-11\bin;C:\WINDOWS\SYSTEM32;C:\WINDOWS\WinSxS\amd64_microsoft.windows.common-controls_6595b64144ccf1df_6.0.19041.844_none_ca00b6081b84eb1d;C:\jdk-11\bin\server

VM Arguments:
jvm_args: --add-modules=ALL-SYSTEM --add-opens=java.base/java.util=ALL-UNNAMED --add-opens=java.base/java.lang=ALL-UNNAMED -Declipse.application=org.eclipse.jdt.ls.core.id1 -Dosgi.bundles.defaultStartLevel=4 -Declipse.product=org.eclipse.jdt.ls.core.product -Dfile.encoding=utf8 -DwatchParentProcess=false -XX:+UseParallelGC -XX:GCTimeRatio=4 -XX:AdaptiveSizePolicyWeight=90 -Dsun.zip.disableMemoryMapping=true -Xmx1G -Xms100m -javaagent:c:\Users\Defensoria\.vscode\extensions\gabrielbb.vscode-lombok-1.0.1\server\lombok.jar -Xverify:none 
java_command: c:\Users\Defensoria\.vscode\extensions\redhat.java-0.79.2\server\plugins\org.eclipse.equinox.launcher_1.6.100.v20201223-0822.jar -configuration c:\Users\Defensoria\AppData\Roaming\Code\User\globalStorage\redhat.java\0.79.2\config_ss_win -data c:\Users\Defensoria\AppData\Roaming\Code\User\workspaceStorage\fec2c2d49d06486f9cc898acbe684a54\redhat.java\ss_ws
java_class_path (initial): c:\Users\Defensoria\.vscode\extensions\redhat.java-0.79.2\server\plugins\org.eclipse.equinox.launcher_1.6.100.v20201223-0822.jar
Launcher Type: SUN_STANDARD

[Global flags]
    uintx AdaptiveSizePolicyWeight                 = 90                                        {product} {command line}
     bool BytecodeVerificationLocal                = false                                     {product} {command line}
     bool BytecodeVerificationRemote               = false                                     {product} {command line}
     intx CICompilerCount                          = 3                                         {product} {ergonomic}
    uintx GCTimeRatio                              = 4                                         {product} {command line}
   size_t InitialHeapSize                          = 104857600                                 {product} {command line}
   size_t MaxHeapSize                              = 1073741824                                {product} {command line}
   size_t MaxNewSize                               = 357564416                                 {product} {ergonomic}
   size_t MinHeapDeltaBytes                        = 524288                                    {product} {ergonomic}
   size_t NewSize                                  = 34603008                                  {product} {ergonomic}
    uintx NonNMethodCodeHeapSize                   = 5830092                                {pd product} {ergonomic}
    uintx NonProfiledCodeHeapSize                  = 122914074                              {pd product} {ergonomic}
   size_t OldSize                                  = 70254592                                  {product} {ergonomic}
    uintx ProfiledCodeHeapSize                     = 122914074                              {pd product} {ergonomic}
    uintx ReservedCodeCacheSize                    = 251658240                              {pd product} {ergonomic}
     bool SegmentedCodeCache                       = true                                      {product} {ergonomic}
     bool UseCompressedClassPointers               = true                                 {lp64_product} {ergonomic}
     bool UseCompressedOops                        = true                                 {lp64_product} {ergonomic}
     bool UseLargePagesIndividualAllocation        = false                                  {pd product} {ergonomic}
     bool UseParallelGC                            = true                                      {product} {command line}

Logging:
Log output configuration:
 #0: stdout all=warning uptime,level,tags
 #1: stderr all=off uptime,level,tags

Environment Variables:
JAVA_HOME=C:\Program Files\Java\jdk1.8.0_211
CLASSPATH=.;
PATH=C:\Python27\;C:\Python27\Scripts;C:\Program Files (x86)\Common Files\Oracle\Java\javapath;C:\Program Files (x86)\Intel\iCLS Client\;C:\Program Files\Intel\iCLS Client\;C:\WINDOWS\system32;C:\WINDOWS;C:\WINDOWS\System32\Wbem;C:\WINDOWS\System32\WindowsPowerShell\v1.0\;C:\Program Files (x86)\EgisTec BioExcess\x64;C:\Program Files (x86)\EgisTec BioExcess\;C:\Program Files (x86)\Intel\Intel(R) Management Engine Components\DAL;C:\Program Files\Intel\Intel(R) Management Engine Components\DAL;C:\Program Files (x86)\Intel\Intel(R) Management Engine Components\IPT;C:\Program Files\Intel\Intel(R) Management Engine Components\IPT;C:\WINDOWS\System32\OpenSSH\;C:\Program Files\SafeNet\Authentication\SAC\x64;C:\Program Files\SafeNet\Authentication\SAC\x32;C:\gradle-6.3-all\gradle-6.3\bin;C:\Users\Defensoria\Desktop\Emmy\apache-maven-3.6.3\bin;C:\Program Files\nodejs\;C:\ProgramData\chocolatey\bin;C:\Program Files (x86)\Yarn\bin\;C:\Program Files\Git\cmd;C:\Program Files\Java\jdk1.8.0_211\bin;;C:\Program Files\Docker\Docker\resources\bin;C:\ProgramData\DockerDesktop\version-bin;C:\Program Files\MySQL\MySQL Shell 8.0\bin\;C:\Users\Defensoria\AppData\Local\Microsoft\WindowsApps;C:\Program Files\JetBrains\IntelliJ IDEA Community Edition 2020.1\bin;C:\Users\Defensoria\AppData\Local\Programs\Microsoft VS Code\bin;C:\Users\Defensoria\AppData\Local\GitHubDesktop\bin;C:\Users\Defensoria\AppData\Roaming\npm;C:\Users\Defensoria\AppData\Local\Yarn\bin;C:\Users\Defensoria\AppData\Local\Android\Sdk\emulator;C:\Users\Defensoria\AppData\Local\Android\Sdk\tools;C:\Users\Defensoria\AppData\Local\Android\Sdk\tools\bin;C:\Users\Defensoria\AppData\Local\Android\Sdk\platform-tools;C:\Users\Defensoria\AppData\Local\Android\Sdk\platform-tools;C:\Program Files\nodejs;;C:\Users\Defensoria\AppData\Local\Microsoft\WindowsApps
USERNAME=Defensoria
OS=Windows_NT
PROCESSOR_IDENTIFIER=Intel64 Family 6 Model 142 Stepping 9, GenuineIntel



---------------  S Y S T E M  ---------------

OS: Windows 10 , 64 bit Build 19041 (10.0.19041.928)

CPU:total 4 (initial active 4) (2 cores per cpu, 2 threads per core) family 6 model 142 stepping 9, cmov, cx8, fxsr, mmx, sse, sse2, sse3, ssse3, sse4.1, sse4.2, popcnt, avx, avx2, aes, clmul, erms, 3dnowpref, lzcnt, ht, tsc, tscinvbit, bmi1, bmi2, adx, fma

Memory: 4k page, system-wide physical 3982M (260M free)
TotalPageFile size 16270M (AvailPageFile size 3M)
current process WorkingSet (physical memory assigned to process): 67M, peak: 76M
current process commit charge ("private bytes"): 182M, peak: 192M

vm_info: OpenJDK 64-Bit Server VM (11+28) for windows-amd64 JRE (11+28), built on Aug 23 2018 03:04:58 by "mach5one" with MS VC++ 15.5 (VS2017)

END.
